<?xml version="1.0" encoding="UTF-8"?>
<!-- Generated by org.testng.reporters.JUnitReportReporter -->
<testsuite hostname="DESKTOP-TQJ05NE" name="parameteriztion.Amazon" tests="18" failures="0" timestamp="11 Mar 2019 15:46:35 GMT" time="0.073" errors="0">
  <testcase name="addToCart" time="0.002" classname="parameteriztion.Amazon"/>
  <testcase name="addToCart" time="0.001" classname="parameteriztion.Amazon"/>
  <testcase name="addToCart" time="0.001" classname="parameteriztion.Amazon"/>
  <testcase name="addToCart" time="0.002" classname="parameteriztion.Amazon"/>
  <testcase name="addToCart" time="0.002" classname="parameteriztion.Amazon"/>
  <testcase name="addToCart" time="0.001" classname="parameteriztion.Amazon"/>
  <testcase name="addToCart" time="0.001" classname="parameteriztion.Amazon"/>
  <testcase name="addToCart" time="0.005" classname="parameteriztion.Amazon"/>
  <testcase name="addToCart" time="0.001" classname="parameteriztion.Amazon"/>
  <testcase name="addToCart" time="0.034" classname="parameteriztion.Amazon"/>
  <testcase name="addToCart" time="0.002" classname="parameteriztion.Amazon"/>
  <testcase name="addToCart" time="0.001" classname="parameteriztion.Amazon"/>
  <testcase name="addToCart" time="0.002" classname="parameteriztion.Amazon"/>
  <testcase name="addToCart" time="0.005" classname="parameteriztion.Amazon"/>
  <testcase name="addToCart" time="0.002" classname="parameteriztion.Amazon"/>
  <testcase name="addToCart" time="0.003" classname="parameteriztion.Amazon"/>
  <testcase name="addToCart" time="0.001" classname="parameteriztion.Amazon"/>
  <testcase name="addToCart" time="0.007" classname="parameteriztion.Amazon"/>
</testsuite> <!-- parameteriztion.Amazon -->
