<?xml version="1.0" encoding="UTF-8"?>
<!-- Generated by org.testng.reporters.JUnitReportReporter -->
<testsuite hostname="DESKTOP-TQJ05NE" name="com.comcast.createOpportunitirs.CreateOpportunitiesTest" tests="1" failures="0" timestamp="7 Mar 2019 10:38:40 GMT" time="37.836" errors="0">
  <testcase name="createOpportunitiesWithMandatory" time="37.836" classname="com.comcast.createOpportunitirs.CreateOpportunitiesTest"/>
</testsuite> <!-- com.comcast.createOpportunitirs.CreateOpportunitiesTest -->
