<?xml version="1.0" encoding="UTF-8"?>
<!-- Generated by org.testng.reporters.JUnitReportReporter -->
<testsuite hostname="DESKTOP-TQJ05NE" name="com.comcast.cOpportunity.CreateOpportunitiesTest" tests="1" failures="0" timestamp="10 Mar 2019 14:04:43 GMT" time="52.809" errors="0">
  <testcase name="createWithAllField" time="52.809" classname="com.comcast.cOpportunity.CreateOpportunitiesTest"/>
</testsuite> <!-- com.comcast.cOpportunity.CreateOpportunitiesTest -->
